Arguments: 
  C:\Program Files\nodejs\node.exe C:\Users\dougl\AppData\Roaming\npm\node_modules\yarn\bin\yarn.js add react-native-svg

PATH: 
  C:\Users\dougl\bin;C:\Program Files\Git\mingw64\bin;C:\Program Files\Git\usr\local\bin;C:\Program Files\Git\usr\bin;C:\Program Files\Git\usr\bin;C:\Program Files\Git\mingw64\bin;C:\Program Files\Git\usr\bin;C:\Users\dougl\bin;C:\Program Files\Eclipse Adoptium\jdk-11.0.17.8-hotspot\bin;C:\Program Files (x86)\Vim\vim82;C:\Program Files\dotnet;C:\Program Files\Git\cmd;C:\WINDOWS\system32;C:\WINDOWS;C:\WINDOWS\System32\Wbem;C:\WINDOWS\System32\WindowsPowerShell\v1.0;C:\WINDOWS\System32\OpenSSH;C:\ProgramData\chocolatey\bin;C:\Program Files\nodejs;C:\Users\dougl\AppData\Local\Android\platform-tools;C:\Users\dougl\AppData\Local\Programs\Python\Python310\Scripts;C:\Users\dougl\AppData\Local\Programs\Python\Python310;C:\Users\dougl\AppData\Local\Microsoft\WindowsApps;C:\Users\dougl\AppData\Local\Programs\Microsoft VS Code\bin;C:\Users\dougl\AppData\Local\Android\emulator;C:\Users\dougl\AppData\Local\Android\tools;C:\Users\dougl\AppData\Local\Android\tools\bin;C:\ProgramData\dougl\GitHubDesktop\bin;C:\Users\dougl\AppData\Local\GitHubDesktop\bin;C:\Users\dougl\AppData\Roaming\npm;C:\Program Files\Git\usr\bin\vendor_perl;C:\Program Files\Git\usr\bin\core_perl

Yarn version: 
  1.22.19

Node version: 
  18.12.1

Platform: 
  win32 x64

Trace: 
  SyntaxError: C:\Users\dougl\AppData\Local\Yarn\Cache\v6\npm-fix-0.0.3-2599d9e72422b6eb5364bd89baf31c145636767a-integrity\node_modules\fix\package.json: Unexpected token } in JSON at position 237
      at JSON.parse (<anonymous>)
      at C:\Users\dougl\AppData\Roaming\npm\node_modules\yarn\lib\cli.js:1629:59
      at Generator.next (<anonymous>)
      at step (C:\Users\dougl\AppData\Roaming\npm\node_modules\yarn\lib\cli.js:310:30)
      at C:\Users\dougl\AppData\Roaming\npm\node_modules\yarn\lib\cli.js:321:13

npm manifest: 
  {
    "name": "gameplay",
    "version": "1.0.0",
    "main": "node_modules/expo/AppEntry.js",
    "scripts": {
      "start": "expo start",
      "android": "expo start --android",
      "ios": "expo start --ios",
      "web": "expo start --web"
    },
    "dependencies": {
      "@expo-google-fonts/inter": "^0.2.2",
      "@expo-google-fonts/rajdhani": "^0.2.2",
      "@react-navigation/native": "^6.1.1",
      "@react-navigation/native-stack": "^6.9.6",
      "expo": "^47.0.8",
      "expo-font": "~11.0.1",
      "expo-linear-gradient": "~12.0.1",
      "expo-splash-screen": "~0.17.5",
      "expo-status-bar": "~1.4.2",
      "fix": "^0.0.3",
      "node-fetch": "^3.3.0",
      "react": "18.1.0",
      "react-dom": "18.1.0",
      "react-native": "0.70.5",
      "react-native-gesture-handler": "~2.8.0",
      "react-native-safe-area-context": "4.4.1",
      "react-native-screens": "~3.18.0",
      "react-native-web": "~0.18.7",
      "react-native-svg": "13.4.0"
    },
    "devDependencies": {
      "@babel/core": "^7.19.3",
      "@types/react": "~18.0.24",
      "@types/react-native": "~0.70.6",
      "typescript": "^4.6.3"
    },
    "private": true
  }

yarn manifest: 
  No manifest

Lockfile: 
  No lockfile
